<?xml version="1.0" encoding="UTF-8"?>
<testsuite name="CucumberRunner" tests="0" skipped="0" failures="0" errors="0" timestamp="1970-01-01T00:00:00" hostname="Dede-Laptop.local" time="0.0">
  <properties/>
  <system-out><![CDATA[  ?[36mGiven ?[0m?[36muser click Nav Bar ?[0m?[36m?[1m"home"?[0m                               ?[90m# steps.GoodDoctorSteps.userClickNavBar(java.lang.String)?[0m
  ?[36mAnd ?[0m?[36muser set Address ?[0m?[36m?[1m"Pt Good Doctor Technology Indonesia"?[0m    ?[90m# steps.GoodDoctorSteps.userSetAddress(java.lang.String)?[0m
  ?[36mWhen ?[0m?[36muser click Nav Bar ?[0m?[36m?[1m"store"?[0m                               ?[90m# steps.GoodDoctorSteps.userClickNavBar(java.lang.String)?[0m
  ?[36mAnd ?[0m?[36muser input product ?[0m?[36m?[1m"Promag Sach 7 Ml/ Dos"?[0m?[36m on search box?[0m  ?[90m# steps.GoodDoctorSteps.userInputProductOnSearchBox(java.lang.String)?[0m
  ?[36mAnd ?[0m?[36muser select the first item?[0m                                ?[90m# steps.GoodDoctorSteps.userSelectTheFirstItem()?[0m
  ?[36mAnd ?[0m?[36muser click Add to Cart?[0m                                    ?[90m# steps.GoodDoctorSteps.userClickAddToCart()?[0m
      ?[31mjava.lang.NullPointerException: Cannot invoke "io.appium.java_client.android.AndroidDriver.quit()" because "config.AndroidDriverInit.driver" is null
	at config.AndroidDriverInit.quit(AndroidDriverInit.java:55)
	at hooks.AndroidDriverHooks.afterScenario(AndroidDriverHooks.java:16)
?[0m
]]></system-out>
  <system-err><![CDATA[?[32m?[1m┌──────────────────────────────────────────────────────────────────────────┐?[0m
?[32m?[1m│?[0m View your Cucumber Report at:                                            ?[32m?[1m│?[0m
?[32m?[1m│?[0m ?[1m?[36m?[4mhttps://reports.cucumber.io/reports/1b1661da-d27a-482f-91f0-95b4482895b1?[0m ?[32m?[1m│?[0m
?[32m?[1m│?[0m                                                                          ?[32m?[1m│?[0m
?[32m?[1m│?[0m ?[1mThis report will self-destruct in 24h.?[0m                                   ?[32m?[1m│?[0m
?[32m?[1m│?[0m Keep reports forever: ?[4m?[1m?[36mhttps://reports.cucumber.io/profile?[0m                ?[32m?[1m│?[0m
?[32m?[1m└──────────────────────────────────────────────────────────────────────────┘?[0m]]></system-err>
</testsuite>
